<?xml version="1.0" encoding="UTF-8"?>
<!-- Generated by org.testng.reporters.JUnitXMLReporter -->
<testsuite hostname="Hungs-MacBook-Air.local" ignored="0" name="Command line test" tests="2" failures="0"
           timestamp="23 Jun 2017 03:18:22 GMT" time="15.606" errors="0">
    <testcase name="TestMethode1" time="11.461" classname="com.framework.tests.TestCases"/>
    <testcase name="TestMethode2" time="0.0" classname="com.framework.tests.TestCases"/>
</testsuite> <!-- Command line test -->
