<?xml version="1.0" encoding="UTF-8"?>
<testng-results skipped="0" failed="0" ignored="0" total="2" passed="2">
    <reporter-output>
    </reporter-output>
    <suite name="Command line suite" duration-ms="15606" started-at="2017-06-23T03:18:02Z"
           finished-at="2017-06-23T03:18:17Z">
        <groups>
        </groups>
        <test name="Command line test" duration-ms="15606" started-at="2017-06-23T03:18:02Z"
              finished-at="2017-06-23T03:18:17Z">
            <class name="com.framework.tests.TestCases">
                <test-method status="PASS"
                             signature="setUpApplication()[pri:0, instance:com.framework.tests.TestCases@3f2a3a5]"
                             name="setUpApplication" is-config="true" duration-ms="3960"
                             started-at="2017-06-22T20:18:02Z" description="Setup application"
                             finished-at="2017-06-22T20:18:06Z">
                    <reporter-output>
                    </reporter-output>
                </test-method> <!-- setUpApplication -->
                <test-method status="PASS"
                             signature="TestMethode1()[pri:0, instance:com.framework.tests.TestCases@3f2a3a5]"
                             name="TestMethode1" duration-ms="11461" started-at="2017-06-22T20:18:06Z"
                             description="This TC will perform launching google.com" finished-at="2017-06-22T20:18:17Z">
                    <reporter-output>
                    </reporter-output>
                </test-method> <!-- TestMethode1 -->
                <test-method status="PASS"
                             signature="TestMethode2()[pri:0, instance:com.framework.tests.TestCases@3f2a3a5]"
                             name="TestMethode2" duration-ms="0" started-at="2017-06-22T20:18:17Z"
                             finished-at="2017-06-22T20:18:17Z">
                    <reporter-output>
                    </reporter-output>
                </test-method> <!-- TestMethode2 -->
                <test-method status="PASS"
                             signature="closeApplication()[pri:0, instance:com.framework.tests.TestCases@3f2a3a5]"
                             name="closeApplication" is-config="true" duration-ms="150"
                             started-at="2017-06-22T20:18:17Z" description="Clean application"
                             finished-at="2017-06-22T20:18:17Z">
                    <reporter-output>
                    </reporter-output>
                </test-method> <!-- closeApplication -->
            </class> <!-- com.framework.tests.TestCases -->
        </test> <!-- Command line test -->
    </suite> <!-- Command line suite -->
</testng-results>
