<?xml version="1.0" encoding="UTF-8"?>
<testng-results skipped="0" failed="0" ignored="0" total="2" passed="2">
  <reporter-output>
  </reporter-output>
  <suite name="SeleniumJavaFramework" duration-ms="14198" started-at="2017-06-18T17:20:53Z" finished-at="2017-06-18T17:21:08Z">
    <groups>
    </groups>
    <test name="testing" duration-ms="14198" started-at="2017-06-18T17:20:53Z" finished-at="2017-06-18T17:21:08Z">
      <class name="com.framework.tests.TestCases">
        <test-method status="PASS" signature="setUpApplication()[pri:0, instance:com.framework.tests.TestCases@57e1b0c]" name="setUpApplication" is-config="true" duration-ms="3567" started-at="2017-06-18T10:20:53Z" description="Setup application" finished-at="2017-06-18T10:20:57Z">
          <reporter-output>
          </reporter-output>
        </test-method> <!-- setUpApplication -->
        <test-method status="PASS" signature="TestMethode1()[pri:0, instance:com.framework.tests.TestCases@57e1b0c]" name="TestMethode1" duration-ms="10460" started-at="2017-06-18T10:20:57Z" description="This TC will perform launching google.com" finished-at="2017-06-18T10:21:07Z">
          <reporter-output>
          </reporter-output>
        </test-method> <!-- TestMethode1 -->
        <test-method status="PASS" signature="TestMethode2()[pri:0, instance:com.framework.tests.TestCases@57e1b0c]" name="TestMethode2" duration-ms="1" started-at="2017-06-18T10:21:07Z" finished-at="2017-06-18T10:21:07Z">
          <reporter-output>
          </reporter-output>
        </test-method> <!-- TestMethode2 -->
        <test-method status="PASS" signature="closeApplication()[pri:0, instance:com.framework.tests.TestCases@57e1b0c]" name="closeApplication" is-config="true" duration-ms="151" started-at="2017-06-18T10:21:07Z" description="Clean application" finished-at="2017-06-18T10:21:08Z">
          <reporter-output>
          </reporter-output>
        </test-method> <!-- closeApplication -->
      </class> <!-- com.framework.tests.TestCases -->
    </test> <!-- testing -->
  </suite> <!-- SeleniumJavaFramework -->
</testng-results>
